<?xml version="1.0" encoding="UTF-8"?>
<!-- Generated by org.testng.reporters.JUnitReportReporter -->
<testsuite hostname="TejasvigdesiMac.home" name="com.sample.tests.AmazonHomePageTest" tests="1" failures="0" timestamp="14 Feb 2016 23:20:03 GMT" time="3.371" errors="0">
  <testcase name="verifyLinksPresentOnHomePage" time="3.371" classname="com.sample.tests.AmazonHomePageTest"/>
</testsuite> <!-- com.sample.tests.AmazonHomePageTest -->
