<?xml version="1.0" encoding="UTF-8"?>
<!-- Generated by org.testng.reporters.JUnitReportReporter -->
<testsuite hostname="TejasvigdesiMac.home" name="com.sample.tests.AmazonHomePageTest" tests="1" failures="0" timestamp="15 Feb 2016 02:21:46 GMT" time="3.626" errors="0">
  <testcase name="verifyLinksPresentOnHomePage" time="3.626" classname="com.sample.tests.AmazonHomePageTest"/>
</testsuite> <!-- com.sample.tests.AmazonHomePageTest -->
